phone/build/intermediates/manifest_merge_blame_file/debug/manifest-merger-blame-debug-report.txt
1<?xml version="1.0" encoding="utf-8"?>
2<manifest xmlns:android="http://schemas.android.com/apk/res/android"
3    package="com.deezerwatch.app"
4    android:versionCode="1"
5    android:versionName="1.0" >
6
7    <uses-sdk
8        android:minSdkVersion="30"
9        android:targetSdkVersion="33" />
10
11    <uses-permission android:name="android.permission.INTERNET" />
11-->src\main\AndroidManifest.xml:4:5-67
11-->src\main\AndroidManifest.xml:4:22-64
12    <!-- lets the watch open Deezer while this app is in the background -->
13    <uses-permission android:name="android.permission.SYSTEM_ALERT_WINDOW" />
13-->src\main\AndroidManifest.xml:6:5-78
13-->src\main\AndroidManifest.xml:6:22-75
14
15    <queries>
15-->src\main\AndroidManifest.xml:8:5-10:15
16        <package android:name="deezer.android.app" />
16-->src\main\AndroidManifest.xml:9:9-54
16-->src\main\AndroidManifest.xml:9:18-51
17    </queries>
18
19    <application
19-->src\main\AndroidManifest.xml:12:5-49:19
20        android:allowBackup="false"
20-->src\main\AndroidManifest.xml:13:9-36
21        android:appComponentFactory="androidx.core.app.CoreComponentFactory"
21-->[androidx.core:core:1.2.0] AndroidManifest.xml:24:18-86
22        android:debuggable="true"
23        android:extractNativeLibs="false"
24        android:label="@string/app_name"
24-->src\main\AndroidManifest.xml:14:9-41
25        android:theme="@android:style/Theme.DeviceDefault.NoActionBar" >
25-->src\main\AndroidManifest.xml:15:9-71
26        <activity
26-->src\main\AndroidManifest.xml:17:9-24:20
27            android:name="com.deezerwatch.app.MainActivity"
27-->src\main\AndroidManifest.xml:18:13-41
28            android:exported="true" >
28-->src\main\AndroidManifest.xml:19:13-36
29            <intent-filter>
29-->src\main\AndroidManifest.xml:20:13-23:29
30                <action android:name="android.intent.action.MAIN" />
30-->src\main\AndroidManifest.xml:21:17-69
30-->src\main\AndroidManifest.xml:21:25-66
31
32                <category android:name="android.intent.category.LAUNCHER" />
32-->src\main\AndroidManifest.xml:22:17-77
32-->src\main\AndroidManifest.xml:22:27-74
33            </intent-filter>
34        </activity>
35
36        <!-- Handles requests coming from the watch -->
37        <service
37-->src\main\AndroidManifest.xml:27:9-37:19
38            android:name="com.deezerwatch.app.WatchService"
38-->src\main\AndroidManifest.xml:28:13-41
39            android:exported="true" >
39-->src\main\AndroidManifest.xml:29:13-36
40            <intent-filter>
40-->src\main\AndroidManifest.xml:30:13-36:29
41                <action android:name="com.google.android.gms.wearable.MESSAGE_RECEIVED" />
41-->src\main\AndroidManifest.xml:31:17-91
41-->src\main\AndroidManifest.xml:31:25-88
42
43                <data
43-->src\main\AndroidManifest.xml:32:17-35:45
44                    android:host="*"
44-->src\main\AndroidManifest.xml:33:21-37
45                    android:pathPrefix="/request"
45-->src\main\AndroidManifest.xml:34:21-50
46                    android:scheme="wear" />
46-->src\main\AndroidManifest.xml:35:21-42
47            </intent-filter>
48        </service>
49
50        <!-- Tracks Deezer's player so the watch can show what's playing -->
51        <service
51-->src\main\AndroidManifest.xml:40:9-48:19
52            android:name="com.deezerwatch.app.MediaWatcher"
52-->src\main\AndroidManifest.xml:41:13-41
53            android:exported="false"
53-->src\main\AndroidManifest.xml:42:13-37
54            android:label="@string/app_name"
54-->src\main\AndroidManifest.xml:43:13-45
55            android:permission="android.permission.BIND_NOTIFICATION_LISTENER_SERVICE" >
55-->src\main\AndroidManifest.xml:44:13-87
56            <intent-filter>
56-->src\main\AndroidManifest.xml:45:13-47:29
57                <action android:name="android.service.notification.NotificationListenerService" />
57-->src\main\AndroidManifest.xml:46:17-99
57-->src\main\AndroidManifest.xml:46:25-96
58            </intent-filter>
59        </service>
60
61        <activity
61-->[com.google.android.gms:play-services-base:18.5.0] AndroidManifest.xml:5:9-173
62            android:name="com.google.android.gms.common.api.GoogleApiActivity"
62-->[com.google.android.gms:play-services-base:18.5.0] AndroidManifest.xml:5:19-85
63            android:exported="false"
63-->[com.google.android.gms:play-services-base:18.5.0] AndroidManifest.xml:5:146-170
64            android:theme="@android:style/Theme.Translucent.NoTitleBar" />
64-->[com.google.android.gms:play-services-base:18.5.0] AndroidManifest.xml:5:86-145
65
66        <meta-data
66-->[com.google.android.gms:play-services-basement:18.4.0] AndroidManifest.xml:6:9-122
67            android:name="com.google.android.gms.version"
67-->[com.google.android.gms:play-services-basement:18.4.0] AndroidManifest.xml:6:20-65
68            android:value="@integer/google_play_services_version" />
68-->[com.google.android.gms:play-services-basement:18.4.0] AndroidManifest.xml:6:66-119
69    </application>
70
71</manifest>